<?xml version="1.0" encoding="UTF-8"?>
<testng-results ignored="0" total="1" passed="1" failed="0" skipped="0">
  <reporter-output>
  </reporter-output>
  <suite started-at="2022-04-02T22:16:47 IST" name="Default suite" finished-at="2022-04-02T22:16:59 IST" duration-ms="12239">
    <groups>
    </groups>
    <test started-at="2022-04-02T22:16:47 IST" name="Default test" finished-at="2022-04-02T22:16:59 IST" duration-ms="12239">
      <class name="pack01.DragAndDrop">
        <test-method signature="dragDrop()[pri:0, instance:pack01.DragAndDrop@10d307f1]" started-at="2022-04-02T22:16:47 IST" name="dragDrop" finished-at="2022-04-02T22:16:59 IST" duration-ms="12099" status="PASS">
          <reporter-output>
          </reporter-output>
        </test-method> <!-- dragDrop -->
      </class> <!-- pack01.DragAndDrop -->
    </test> <!-- Default test -->
  </suite> <!-- Default suite -->
</testng-results>
